<?xml version="1.0" encoding="UTF-8"?>
<!DOCTYPE graph-query SYSTEM "graph-query.dtd">

<graph-query name="Test Query">
  <description>a test query</description>
  <query-body>
    <vertex name="vertex1" />
  </query-body>
</graph-query>

