<!DOCTYPE rpt2 SYSTEM "rpt2.dtd">
<!-- Created by Proximity -->

<rpt2>
  <class-label>
    <source>
      <source-class>kdl.prox.model2.common.sources.AttributeSource</source-class>
      <data-type>int</data-type>
      <is-continuous>false</is-continuous>
      <is-single-value>true</is-single-value>
      <source-elements>
        <item-name>Rep</item-name>
        <attr-name>rep_to_class_2004</attr-name>
      </source-elements>
    </source>
  </class-label>
  <rpt-body>
    <node>
      <class-label-distr>
        <distr-class>kdl.prox.model2.common.probdistributions.DiscreteProbDistribution</distr-class>
        <class-label-info class="0" count="3022.0" />
        <class-label-info class="1" count="3022.0" />
      </class-label-distr>
      <split>
        <feature-setting>
          <fs-class>kdl.prox.model2.rpt.featuresettings.UnfilteredFeatureSetting</fs-class>
          <source>
            <source-class>kdl.prox.model2.common.sources.ItemSource</source-class>
            <data-type>str</data-type>
            <is-continuous>false</is-continuous>
            <is-single-value>false</is-single-value>
            <source-elements>
              <item-name>Disclosure</item-name>
            </source-elements>
          </source>
          <aggregator>
            <aggregator-class>kdl.prox.model2.rpt.aggregators.DegreeAggregator</aggregator-class>
          </aggregator>
          <threshold>1</threshold>
          <fs-elements />
        </feature-setting>
      </split>
      <yes-branch>
        <node>
          <class-label-distr>
            <distr-class>kdl.prox.model2.common.probdistributions.DiscreteProbDistribution</distr-class>
            <class-label-info class="0" count="300.0" />
            <class-label-info class="1" count="1609.0" />
          </class-label-distr>
          <split>
            <feature-setting>
              <fs-class>kdl.prox.model2.rpt.featuresettings.ValueFilteredFeatureSetting</fs-class>
              <source>
                <source-class>kdl.prox.model2.common.sources.AttributeSource</source-class>
                <data-type>str</data-type>
                <is-continuous>false</is-continuous>
                <is-single-value>false</is-single-value>
                <source-elements>
                  <item-name>Disclosure</item-name>
                  <attr-name>disclosure_type</attr-name>
                </source-elements>
              </source>
              <aggregator>
                <aggregator-class>kdl.prox.model2.rpt.aggregators.ProportionAggregator</aggregator-class>
              </aggregator>
              <threshold>0.2857142857142857</threshold>
              <fs-elements>
                <value>CUSTCOMP</value>
              </fs-elements>
            </feature-setting>
          </split>
          <yes-branch>
            <node>
              <class-label-distr>
                <distr-class>kdl.prox.model2.common.probdistributions.DiscreteProbDistribution</distr-class>
                <class-label-info class="0" count="99.0" />
                <class-label-info class="1" count="1042.0" />
              </class-label-distr>
              <split>
                <feature-setting>
                  <fs-class>kdl.prox.model2.rpt.featuresettings.ValueFilteredFeatureSetting</fs-class>
                  <source>
                    <source-class>kdl.prox.model2.common.sources.TemporalAttributeSource</source-class>
                    <data-type>str</data-type>
                    <is-continuous>false</is-continuous>
                    <is-single-value>false</is-single-value>
                    <source-elements>
                      <item-name>Disclosure</item-name>
                      <attr-name>disclosure_type</attr-name>
                      <interval-min>-4</interval-min>
                      <interval-max>-1</interval-max>
                      <core-time-source>
                        <attr-name>year</attr-name>
                      </core-time-source>
                      <related-time-source>
                        <item-name>Disclosure</item-name>
                        <attr-name>disclosure_year</attr-name>
                      </related-time-source>
                    </source-elements>
                  </source>
                  <aggregator>
                    <aggregator-class>kdl.prox.model2.rpt.aggregators.CountAggregator</aggregator-class>
                  </aggregator>
                  <threshold>2</threshold>
                  <fs-elements>
                    <value>CUSTCOMP</value>
                  </fs-elements>
                </feature-setting>
              </split>
              <yes-branch>
                <node>
                  <class-label-distr>
                    <distr-class>kdl.prox.model2.common.probdistributions.DiscreteProbDistribution</distr-class>
                    <class-label-info class="0" count="47.25786590576172" />
                    <class-label-info class="1" count="704.1603965759277" />
                  </class-label-distr>
                  <split>
                    <feature-setting>
                      <fs-class>kdl.prox.model2.rpt.featuresettings.UnfilteredFeatureSetting</fs-class>
                      <source>
                        <source-class>kdl.prox.model2.common.sources.ItemSource</source-class>
                        <data-type>str</data-type>
                        <is-continuous>false</is-continuous>
                        <is-single-value>false</is-single-value>
                        <source-elements>
                          <item-name>Disclosure</item-name>
                        </source-elements>
                      </source>
                      <aggregator>
                        <aggregator-class>kdl.prox.model2.rpt.aggregators.DegreeAggregator</aggregator-class>
                      </aggregator>
                      <threshold>3</threshold>
                      <fs-elements />
                    </feature-setting>
                  </split>
                  <yes-branch>
                    <node>
                      <class-label-distr>
                        <distr-class>kdl.prox.model2.common.probdistributions.DiscreteProbDistribution</distr-class>
                        <class-label-info class="0" count="26.636991262435913" />
                        <class-label-info class="1" count="544.0076735019684" />
                      </class-label-distr>
                    </node>
                  </yes-branch>
                  <no-branch>
                    <node>
                      <class-label-distr>
                        <distr-class>kdl.prox.model2.common.probdistributions.DiscreteProbDistribution</distr-class>
                        <class-label-info class="0" count="20.620874643325806" />
                        <class-label-info class="1" count="160.15272307395935" />
                      </class-label-distr>
                    </node>
                  </no-branch>
                </node>
              </yes-branch>
              <no-branch>
                <node>
                  <class-label-distr>
                    <distr-class>kdl.prox.model2.common.probdistributions.DiscreteProbDistribution</distr-class>
                    <class-label-info class="0" count="51.742133140563965" />
                    <class-label-info class="1" count="337.83959913253784" />
                  </class-label-distr>
                  <split>
                    <feature-setting>
                      <fs-class>kdl.prox.model2.rpt.featuresettings.ValueFilteredFeatureSetting</fs-class>
                      <source>
                        <source-class>kdl.prox.model2.common.sources.TemporalAttributeSource</source-class>
                        <data-type>str</data-type>
                        <is-continuous>false</is-continuous>
                        <is-single-value>false</is-single-value>
                        <source-elements>
                          <item-name>Disclosure</item-name>
                          <attr-name>disclosure_type</attr-name>
                          <interval-min>-10</interval-min>
                          <interval-max>-1</interval-max>
                          <core-time-source>
                            <attr-name>year</attr-name>
                          </core-time-source>
                          <related-time-source>
                            <item-name>Disclosure</item-name>
                            <attr-name>disclosure_year</attr-name>
                          </related-time-source>
                        </source-elements>
                      </source>
                      <aggregator>
                        <aggregator-class>kdl.prox.model2.rpt.aggregators.ProportionAggregator</aggregator-class>
                      </aggregator>
                      <threshold>0.5</threshold>
                      <fs-elements>
                        <value>CUSTCOMP</value>
                      </fs-elements>
                    </feature-setting>
                  </split>
                  <yes-branch>
                    <node>
                      <class-label-distr>
                        <distr-class>kdl.prox.model2.common.probdistributions.DiscreteProbDistribution</distr-class>
                        <class-label-info class="0" count="49.89288514507568" />
                        <class-label-info class="1" count="294.7763445170376" />
                      </class-label-distr>
                    </node>
                  </yes-branch>
                  <no-branch>
                    <node>
                      <class-label-distr>
                        <distr-class>kdl.prox.model2.common.probdistributions.DiscreteProbDistribution</distr-class>
                        <class-label-info class="0" count="1.8492479954882857" />
                        <class-label-info class="1" count="43.06325461550021" />
                      </class-label-distr>
                    </node>
                  </no-branch>
                </node>
              </no-branch>
            </node>
          </yes-branch>
          <no-branch>
            <node>
              <class-label-distr>
                <distr-class>kdl.prox.model2.common.probdistributions.DiscreteProbDistribution</distr-class>
                <class-label-info class="0" count="201.0" />
                <class-label-info class="1" count="567.0" />
              </class-label-distr>
              <split>
                <feature-setting>
                  <fs-class>kdl.prox.model2.rpt.featuresettings.ValueFilteredFeatureSetting</fs-class>
                  <source>
                    <source-class>kdl.prox.model2.common.sources.AttributeSource</source-class>
                    <data-type>str</data-type>
                    <is-continuous>false</is-continuous>
                    <is-single-value>false</is-single-value>
                    <source-elements>
                      <item-name>Disclosure</item-name>
                      <attr-name>disclosure_type</attr-name>
                    </source-elements>
                  </source>
                  <aggregator>
                    <aggregator-class>kdl.prox.model2.rpt.aggregators.CountAggregator</aggregator-class>
                  </aggregator>
                  <threshold>1</threshold>
                  <fs-elements>
                    <value>INTRNRVW</value>
                  </fs-elements>
                </feature-setting>
              </split>
              <yes-branch>
                <node>
                  <class-label-distr>
                    <distr-class>kdl.prox.model2.common.probdistributions.DiscreteProbDistribution</distr-class>
                    <class-label-info class="0" count="5.0" />
                    <class-label-info class="1" count="96.0" />
                  </class-label-distr>
                  <split>
                    <feature-setting>
                      <fs-class>kdl.prox.model2.rpt.featuresettings.UnfilteredFeatureSetting</fs-class>
                      <source>
                        <source-class>kdl.prox.model2.common.sources.TemporalAttributeSource</source-class>
                        <data-type>str</data-type>
                        <is-continuous>false</is-continuous>
                        <is-single-value>false</is-single-value>
                        <source-elements>
                          <item-name>Disclosure</item-name>
                          <attr-name>disclosure_type</attr-name>
                          <interval-min>-10</interval-min>
                          <interval-max>-1</interval-max>
                          <core-time-source>
                            <attr-name>year</attr-name>
                          </core-time-source>
                          <related-time-source>
                            <item-name>Disclosure</item-name>
                            <attr-name>disclosure_year</attr-name>
                          </related-time-source>
                        </source-elements>
                      </source>
                      <aggregator>
                        <aggregator-class>kdl.prox.model2.rpt.aggregators.ModeAggregator</aggregator-class>
                      </aggregator>
                      <threshold>CUSTCOMP</threshold>
                      <fs-elements />
                    </feature-setting>
                  </split>
                  <yes-branch>
                    <node>
                      <class-label-distr>
                        <distr-class>kdl.prox.model2.common.probdistributions.DiscreteProbDistribution</distr-class>
                        <class-label-info class="0" count="2.0" />
                        <class-label-info class="1" count="1.0036319612991065" />
                      </class-label-distr>
                    </node>
                  </yes-branch>
                  <no-branch>
                    <node>
                      <class-label-distr>
                        <distr-class>kdl.prox.model2.common.probdistributions.DiscreteProbDistribution</distr-class>
                        <class-label-info class="0" count="3.0" />
                        <class-label-info class="1" count="94.99636805057526" />
                      </class-label-distr>
                    </node>
                  </no-branch>
                </node>
              </yes-branch>
              <no-branch>
                <node>
                  <class-label-distr>
                    <distr-class>kdl.prox.model2.common.probdistributions.DiscreteProbDistribution</distr-class>
                    <class-label-info class="0" count="196.0" />
                    <class-label-info class="1" count="471.0" />
                  </class-label-distr>
                  <split>
                    <feature-setting>
                      <fs-class>kdl.prox.model2.rpt.featuresettings.UnfilteredFeatureSetting</fs-class>
                      <source>
                        <source-class>kdl.prox.model2.common.sources.ItemSource</source-class>
                        <data-type>str</data-type>
                        <is-continuous>false</is-continuous>
                        <is-single-value>false</is-single-value>
                        <source-elements>
                          <item-name>Disclosure</item-name>
                        </source-elements>
                      </source>
                      <aggregator>
                        <aggregator-class>kdl.prox.model2.rpt.aggregators.DegreeAggregator</aggregator-class>
                      </aggregator>
                      <threshold>2</threshold>
                      <fs-elements />
                    </feature-setting>
                  </split>
                  <yes-branch>
                    <node>
                      <class-label-distr>
                        <distr-class>kdl.prox.model2.common.probdistributions.DiscreteProbDistribution</distr-class>
                        <class-label-info class="0" count="52.0" />
                        <class-label-info class="1" count="200.0" />
                      </class-label-distr>
                    </node>
                  </yes-branch>
                  <no-branch>
                    <node>
                      <class-label-distr>
                        <distr-class>kdl.prox.model2.common.probdistributions.DiscreteProbDistribution</distr-class>
                        <class-label-info class="0" count="144.0" />
                        <class-label-info class="1" count="271.0" />
                      </class-label-distr>
                    </node>
                  </no-branch>
                </node>
              </no-branch>
            </node>
          </no-branch>
        </node>
      </yes-branch>
      <no-branch>
        <node>
          <class-label-distr>
            <distr-class>kdl.prox.model2.common.probdistributions.DiscreteProbDistribution</distr-class>
            <class-label-info class="0" count="2722.0" />
            <class-label-info class="1" count="1413.0" />
          </class-label-distr>
        </node>
      </no-branch>
    </node>
  </rpt-body>
</rpt2>
