<?xml version="1.0" encoding="UTF-8"?>
<!DOCTYPE graph-query SYSTEM "graph-query.dtd">

<graph-query name="Test Query">
  <description>a query for testing vertices with various conditions, and for testing constraints</description>
  <query-body>
    <vertex name="3" />
    <vertex name="vertex name with spaces" />
    <vertex name="2">
      <condition>
        <test>
          <operator>eq</operator>
          <attribute-name>attr</attribute-name>
          <value>val</value>
        </test>
      </condition>
    </vertex>
    <vertex name="1">
      <condition>
        <and>
          <test>
            <operator>eq</operator>
            <attribute-name>attr</attribute-name>
            <value>val</value>
          </test>
          <test>
            <operator>eq</operator>
            <attribute-name>hot100</attribute-name>
            <value>1</value>
          </test>
        </and>
      </condition>
    </vertex>
    <constraint>
      <and>
        <test>
          <operator>ne</operator>
          <item>
            <item-name>1</item-name>
            <id />
          </item>
          <item>
            <item-name>2</item-name>
            <id />
          </item>
        </test>
        <test>
          <operator>eq</operator>
          <item>
            <item-name>2</item-name>
            <attribute-name>url</attribute-name>
          </item>
          <item>
            <item-name>1</item-name>
            <attribute-name>type</attribute-name>
          </item>
        </test>
        <test>
          <operator>lt</operator>
          <item>
            <item-name>3</item-name>
            <attribute-name>url</attribute-name>
          </item>
          <item>
            <item-name>vertex name with spaces</item-name>
            <attribute-name>attr name with spaces</attribute-name>
          </item>
        </test>
      </and>
    </constraint>
  </query-body>
</graph-query>

