<?xml version="1.0" encoding="UTF-8"?>
<!DOCTYPE graph-query SYSTEM "graph-query.dtd">

<graph-query name="new query">
    <description>no description</description>
    <query-body>
        <vertex name="Item1">
            <condition>
                <or>
                    <and>
                        <test>
                            <operator>eq</operator>
                            <attribute-name>obj_type</attribute-name>
                            <value>Individual</value>
                        </test>
                    </and>
                    <and>
                        <test>
                            <operator>eq</operator>
                            <attribute-name>attr2</attribute-name>
                            <value>2</value>
                        </test>
                    </and>
                </or>
            </condition>
        </vertex>
    </query-body>
</graph-query>

